Drill report for C:/Users/Serge/Desktop/OilMeteo_V2.0/OilMeteo_V2.0.kicad_pcb
Created on 21.01.2018 20:34:05

Copper Layer Stackup:
    =============================================================
    L1 :  F.Cu                      front
    L2 :  B.Cu                      back


Drill file 'OilMeteo_V2.0.drl' contains
    plated through holes:
    =============================================================
    T1  0,40mm  0,016"  (96 holes)
    T2  0,55mm  0,022"  (2 holes)  (with 2 slots)
    T3  0,60mm  0,024"  (3 holes)
    T4  0,65mm  0,026"  (6 holes)
    T5  0,80mm  0,031"  (4 holes)
    T6  0,85mm  0,033"  (2 holes)  (with 2 slots)
    T7  1,00mm  0,039"  (9 holes)

    Total plated holes count 122


Drill file 'OilMeteo_V2.0-NPTH.drl' contains
    unplated through holes:
    =============================================================
    T1  0,80mm  0,031"  (2 holes)

    Total unplated holes count 2
